#
# There is insufficient memory for the Java Runtime Environment to continue.
# Native memory allocation (malloc) failed to allocate 2193296 bytes for Chunk::new
# Possible reasons:
#   The system is out of physical RAM or swap space
#   The process is running with CompressedOops enabled, and the Java Heap may be blocking the growth of the native heap
# Possible solutions:
#   Reduce memory load on the system
#   Increase physical memory or swap space
#   Check if swap backing store is full
#   Decrease Java heap size (-Xmx/-Xms)
#   Decrease number of Java threads
#   Decrease Java thread stack sizes (-Xss)
#   Set larger code cache with -XX:ReservedCodeCacheSize=
#   JVM is running with Unscaled Compressed Oops mode in which the Java heap is
#     placed in the first 4GB address space. The Java Heap base address is the
#     maximum limit for the native heap growth. Please use -XX:HeapBaseMinAddress
#     to set the Java Heap base and to place the Java Heap above 4GB virtual address.
# This output file may be truncated or incomplete.
#
#  Out of Memory Error (allocation.cpp:389), pid=5248, tid=0x00000000000040c8
#
# JRE version: Java(TM) SE Runtime Environment (8.0_281-b09) (build 1.8.0_281-b09)
# Java VM: Java HotSpot(TM) 64-Bit Server VM (25.281-b09 mixed mode windows-amd64 compressed oops)
# Failed to write core dump. Minidumps are not enabled by default on client versions of Windows
#

---------------  T H R E A D  ---------------

Current thread (0x000001b7c45a2800):  JavaThread "C2 CompilerThread0" daemon [_thread_in_native, id=16584, stack(0x00000096b8000000,0x00000096b8100000)]

Stack: [0x00000096b8000000,0x00000096b8100000]
Native frames: (J=compiled Java code, j=interpreted, Vv=VM code, C=native code)
V  [jvm.dll+0x32e5b9]
V  [jvm.dll+0x275012]
V  [jvm.dll+0x275cbd]
V  [jvm.dll+0x26c6f5]
V  [jvm.dll+0xd51fc]
V  [jvm.dll+0xd59fc]
V  [jvm.dll+0x46f8c3]
V  [jvm.dll+0x4373e0]
V  [jvm.dll+0x4403d5]
V  [jvm.dll+0x43f795]
V  [jvm.dll+0x42a5e7]
V  [jvm.dll+0xabe9b]
V  [jvm.dll+0xaa4fb]
V  [jvm.dll+0x23d6b2]
V  [jvm.dll+0x291cbc]
C  [ucrtbase.dll+0x210b2]
C  [KERNEL32.DLL+0x17c24]
C  [ntdll.dll+0x6d721]


Current CompileTask:
C2:   3041 2240       4       java.net.URLClassLoader$1::run (5 bytes)


---------------  P R O C E S S  ---------------

Java Threads: ( => current thread )
  0x000001b7c461e000 JavaThread "Service Thread" daemon [_thread_blocked, id=17172, stack(0x00000096b8300000,0x00000096b8400000)]
  0x000001b7c45a6800 JavaThread "C1 CompilerThread2" daemon [_thread_blocked, id=15824, stack(0x00000096b8200000,0x00000096b8300000)]
  0x000001b7c45ac000 JavaThread "C2 CompilerThread1" daemon [_thread_blocked, id=6368, stack(0x00000096b8100000,0x00000096b8200000)]
=>0x000001b7c45a2800 JavaThread "C2 CompilerThread0" daemon [_thread_in_native, id=16584, stack(0x00000096b8000000,0x00000096b8100000)]
  0x000001b7c45a0000 JavaThread "Monitor Ctrl-Break" daemon [_thread_in_native, id=14948, stack(0x00000096b7f00000,0x00000096b8000000)]
  0x000001b7c4526000 JavaThread "Attach Listener" daemon [_thread_blocked, id=1852, stack(0x00000096b7e00000,0x00000096b7f00000)]
  0x000001b7c4525800 JavaThread "Signal Dispatcher" daemon [_thread_blocked, id=10476, stack(0x00000096b7d00000,0x00000096b7e00000)]
  0x000001b7c44f6800 JavaThread "Finalizer" daemon [_thread_blocked, id=15752, stack(0x00000096b7c00000,0x00000096b7d00000)]
  0x000001b7c44ef000 JavaThread "Reference Handler" daemon [_thread_blocked, id=15260, stack(0x00000096b7b00000,0x00000096b7c00000)]
  0x000001b7ae5ca000 JavaThread "main" [_thread_in_Java, id=13596, stack(0x00000096b7500000,0x00000096b7600000)]

Other Threads:
  0x000001b7c44c5800 VMThread [stack: 0x00000096b7a00000,0x00000096b7b00000] [id=17072]
  0x000001b7c56c9800 WatcherThread [stack: 0x00000096b8400000,0x00000096b8500000] [id=16632]

VM state:not at safepoint (normal execution)

VM Mutex/Monitor currently owned by a thread: None

heap address: 0x0000000082a00000, size: 2006 MB, Compressed Oops mode: 32-bit
Narrow klass base: 0x0000000000000000, Narrow klass shift: 3
Compressed class space size: 1073741824 Address: 0x0000000100000000

Heap:
 PSYoungGen      total 70656K, used 12145K [0x00000000d6380000, 0x00000000dda80000, 0x0000000100000000)
  eden space 65536K, 10% used [0x00000000d6380000,0x00000000d6a5ff58,0x00000000da380000)
  from space 5120K, 99% used [0x00000000da380000,0x00000000da87c6f0,0x00000000da880000)
  to   space 8704K, 0% used [0x00000000dd200000,0x00000000dd200000,0x00000000dda80000)
 ParOldGen       total 55808K, used 9009K [0x0000000082a00000, 0x0000000086080000, 0x00000000d6380000)
  object space 55808K, 16% used [0x0000000082a00000,0x00000000832cc4f0,0x0000000086080000)
 Metaspace       used 25209K, capacity 27142K, committed 27264K, reserved 1073152K
  class space    used 3318K, capacity 3681K, committed 3712K, reserved 1048576K

Card table byte_map: [0x000001b7bf1f0000,0x000001b7bf5e0000] byte_map_base: 0x000001b7beddb000

Marking Bits: (ParMarkBitMap*) 0x0000000075be6ff0
 Begin Bits: [0x000001b7bf880000, 0x000001b7c17d8000)
 End Bits:   [0x000001b7c17d8000, 0x000001b7c3730000)

Polling page: 0x000001b7ae4c0000

CodeCache: size=245760Kb used=8187Kb max_used=8187Kb free=237572Kb
 bounds [0x000001b7afe30000, 0x000001b7b0640000, 0x000001b7bee30000]
 total_blobs=2807 nmethods=2427 adapters=291
 compilation: enabled

Compilation events (10 events):
Event: 3.015 Thread 0x000001b7c45a6800 nmethod 2390 0x000001b7b0616750 code [0x000001b7b06168e0, 0x000001b7b0616be0]
Event: 3.015 Thread 0x000001b7c45a6800 2391       3       org.springframework.core.env.AbstractPropertyResolver::doResolvePlaceholders (12 bytes)
Event: 3.016 Thread 0x000001b7c45a6800 nmethod 2391 0x000001b7b0616d50 code [0x000001b7b0616f20, 0x000001b7b06176a0]
Event: 3.016 Thread 0x000001b7c45a6800 2392       3       org.springframework.core.env.AbstractPropertyResolver::resolveRequiredPlaceholders (26 bytes)
Event: 3.016 Thread 0x000001b7c45a6800 nmethod 2392 0x000001b7b0617b10 code [0x000001b7b0617d00, 0x000001b7b0618670]
Event: 3.016 Thread 0x000001b7c45a6800 2393       3       org.springframework.beans.factory.config.BeanDefinitionVisitor::resolveStringValue (42 bytes)
Event: 3.016 Thread 0x000001b7c45a6800 nmethod 2393 0x000001b7b0618c90 code [0x000001b7b0618e20, 0x000001b7b0619250]
Event: 3.016 Thread 0x000001b7c45a6800 2394       3       org.springframework.context.support.PropertySourcesPlaceholderConfigurer$$Lambda$572/1816397102::resolveStringValue (13 bytes)
Event: 3.016 Thread 0x000001b7c45a6800 nmethod 2394 0x000001b7b06193d0 code [0x000001b7b0619540, 0x000001b7b06196f0]
Event: 3.019 Thread 0x000001b7c45ac000 nmethod 2388 0x000001b7b061c850 code [0x000001b7b061c9a0, 0x000001b7b061cdf8]

GC Heap History (10 events):
Event: 1.386 GC heap before
{Heap before GC invocations=2 (full 0):
 PSYoungGen      total 37888K, used 37447K [0x00000000d6380000, 0x00000000d8d80000, 0x0000000100000000)
  eden space 32768K, 100% used [0x00000000d6380000,0x00000000d8380000,0x00000000d8380000)
  from space 5120K, 91% used [0x00000000d8380000,0x00000000d8811cb0,0x00000000d8880000)
  to   space 5120K, 0% used [0x00000000d8880000,0x00000000d8880000,0x00000000d8d80000)
 ParOldGen       total 86016K, used 16K [0x0000000082a00000, 0x0000000087e00000, 0x00000000d6380000)
  object space 86016K, 0% used [0x0000000082a00000,0x0000000082a04000,0x0000000087e00000)
 Metaspace       used 13639K, capacity 14720K, committed 14848K, reserved 1062912K
  class space    used 1730K, capacity 1944K, committed 2048K, reserved 1048576K
Event: 1.392 GC heap after
Heap after GC invocations=2 (full 0):
 PSYoungGen      total 37888K, used 5113K [0x00000000d6380000, 0x00000000d8d80000, 0x0000000100000000)
  eden space 32768K, 0% used [0x00000000d6380000,0x00000000d6380000,0x00000000d8380000)
  from space 5120K, 99% used [0x00000000d8880000,0x00000000d8d7e780,0x00000000d8d80000)
  to   space 5120K, 0% used [0x00000000d8380000,0x00000000d8380000,0x00000000d8880000)
 ParOldGen       total 86016K, used 610K [0x0000000082a00000, 0x0000000087e00000, 0x00000000d6380000)
  object space 86016K, 0% used [0x0000000082a00000,0x0000000082a98900,0x0000000087e00000)
 Metaspace       used 13639K, capacity 14720K, committed 14848K, reserved 1062912K
  class space    used 1730K, capacity 1944K, committed 2048K, reserved 1048576K
}
Event: 2.069 GC heap before
{Heap before GC invocations=3 (full 0):
 PSYoungGen      total 37888K, used 37881K [0x00000000d6380000, 0x00000000d8d80000, 0x0000000100000000)
  eden space 32768K, 100% used [0x00000000d6380000,0x00000000d8380000,0x00000000d8380000)
  from space 5120K, 99% used [0x00000000d8880000,0x00000000d8d7e780,0x00000000d8d80000)
  to   space 5120K, 0% used [0x00000000d8380000,0x00000000d8380000,0x00000000d8880000)
 ParOldGen       total 86016K, used 610K [0x0000000082a00000, 0x0000000087e00000, 0x00000000d6380000)
  object space 86016K, 0% used [0x0000000082a00000,0x0000000082a98900,0x0000000087e00000)
 Metaspace       used 17038K, capacity 18542K, committed 18688K, reserved 1064960K
  class space    used 2262K, capacity 2529K, committed 2560K, reserved 1048576K
Event: 2.078 GC heap after
Heap after GC invocations=3 (full 0):
 PSYoungGen      total 37888K, used 5109K [0x00000000d6380000, 0x00000000dad80000, 0x0000000100000000)
  eden space 32768K, 0% used [0x00000000d6380000,0x00000000d6380000,0x00000000d8380000)
  from space 5120K, 99% used [0x00000000d8380000,0x00000000d887d4c0,0x00000000d8880000)
  to   space 5120K, 0% used [0x00000000da880000,0x00000000da880000,0x00000000dad80000)
 ParOldGen       total 86016K, used 2452K [0x0000000082a00000, 0x0000000087e00000, 0x00000000d6380000)
  object space 86016K, 2% used [0x0000000082a00000,0x0000000082c65218,0x0000000087e00000)
 Metaspace       used 17038K, capacity 18542K, committed 18688K, reserved 1064960K
  class space    used 2262K, capacity 2529K, committed 2560K, reserved 1048576K
}
Event: 2.200 GC heap before
{Heap before GC invocations=4 (full 0):
 PSYoungGen      total 37888K, used 25846K [0x00000000d6380000, 0x00000000dad80000, 0x0000000100000000)
  eden space 32768K, 63% used [0x00000000d6380000,0x00000000d77c03a8,0x00000000d8380000)
  from space 5120K, 99% used [0x00000000d8380000,0x00000000d887d4c0,0x00000000d8880000)
  to   space 5120K, 0% used [0x00000000da880000,0x00000000da880000,0x00000000dad80000)
 ParOldGen       total 86016K, used 2452K [0x0000000082a00000, 0x0000000087e00000, 0x00000000d6380000)
  object space 86016K, 2% used [0x0000000082a00000,0x0000000082c65218,0x0000000087e00000)
 Metaspace       used 19619K, capacity 21160K, committed 21296K, reserved 1067008K
  class space    used 2561K, capacity 2860K, committed 2944K, reserved 1048576K
Event: 2.207 GC heap after
Heap after GC invocations=4 (full 0):
 PSYoungGen      total 70656K, used 5095K [0x00000000d6380000, 0x00000000dad80000, 0x0000000100000000)
  eden space 65536K, 0% used [0x00000000d6380000,0x00000000d6380000,0x00000000da380000)
  from space 5120K, 99% used [0x00000000da880000,0x00000000dad79eb8,0x00000000dad80000)
  to   space 5120K, 0% used [0x00000000da380000,0x00000000da380000,0x00000000da880000)
 ParOldGen       total 86016K, used 4510K [0x0000000082a00000, 0x0000000087e00000, 0x00000000d6380000)
  object space 86016K, 5% used [0x0000000082a00000,0x0000000082e67b58,0x0000000087e00000)
 Metaspace       used 19619K, capacity 21160K, committed 21296K, reserved 1067008K
  class space    used 2561K, capacity 2860K, committed 2944K, reserved 1048576K
}
Event: 2.207 GC heap before
{Heap before GC invocations=5 (full 1):
 PSYoungGen      total 70656K, used 5095K [0x00000000d6380000, 0x00000000dad80000, 0x0000000100000000)
  eden space 65536K, 0% used [0x00000000d6380000,0x00000000d6380000,0x00000000da380000)
  from space 5120K, 99% used [0x00000000da880000,0x00000000dad79eb8,0x00000000dad80000)
  to   space 5120K, 0% used [0x00000000da380000,0x00000000da380000,0x00000000da880000)
 ParOldGen       total 86016K, used 4510K [0x0000000082a00000, 0x0000000087e00000, 0x00000000d6380000)
  object space 86016K, 5% used [0x0000000082a00000,0x0000000082e67b58,0x0000000087e00000)
 Metaspace       used 19619K, capacity 21160K, committed 21296K, reserved 1067008K
  class space    used 2561K, capacity 2860K, committed 2944K, reserved 1048576K
Event: 2.236 GC heap after
Heap after GC invocations=5 (full 1):
 PSYoungGen      total 70656K, used 0K [0x00000000d6380000, 0x00000000dad80000, 0x0000000100000000)
  eden space 65536K, 0% used [0x00000000d6380000,0x00000000d6380000,0x00000000da380000)
  from space 5120K, 0% used [0x00000000da880000,0x00000000da880000,0x00000000dad80000)
  to   space 5120K, 0% used [0x00000000da380000,0x00000000da380000,0x00000000da880000)
 ParOldGen       total 55808K, used 7010K [0x0000000082a00000, 0x0000000086080000, 0x00000000d6380000)
  object space 55808K, 12% used [0x0000000082a00000,0x00000000830d8a28,0x0000000086080000)
 Metaspace       used 19619K, capacity 21160K, committed 21296K, reserved 1067008K
  class space    used 2561K, capacity 2860K, committed 2944K, reserved 1048576K
}
Event: 2.937 GC heap before
{Heap before GC invocations=6 (full 1):
 PSYoungGen      total 70656K, used 65536K [0x00000000d6380000, 0x00000000dad80000, 0x0000000100000000)
  eden space 65536K, 100% used [0x00000000d6380000,0x00000000da380000,0x00000000da380000)
  from space 5120K, 0% used [0x00000000da880000,0x00000000da880000,0x00000000dad80000)
  to   space 5120K, 0% used [0x00000000da380000,0x00000000da380000,0x00000000da880000)
 ParOldGen       total 55808K, used 7010K [0x0000000082a00000, 0x0000000086080000, 0x00000000d6380000)
  object space 55808K, 12% used [0x0000000082a00000,0x00000000830d8a28,0x0000000086080000)
 Metaspace       used 24626K, capacity 26508K, committed 26752K, reserved 1073152K
  class space    used 3243K, capacity 3608K, committed 3712K, reserved 1048576K
Event: 2.945 GC heap after
Heap after GC invocations=6 (full 1):
 PSYoungGen      total 70656K, used 5105K [0x00000000d6380000, 0x00000000dda80000, 0x0000000100000000)
  eden space 65536K, 0% used [0x00000000d6380000,0x00000000d6380000,0x00000000da380000)
  from space 5120K, 99% used [0x00000000da380000,0x00000000da87c6f0,0x00000000da880000)
  to   space 8704K, 0% used [0x00000000dd200000,0x00000000dd200000,0x00000000dda80000)
 ParOldGen       total 55808K, used 9009K [0x0000000082a00000, 0x0000000086080000, 0x00000000d6380000)
  object space 55808K, 16% used [0x0000000082a00000,0x00000000832cc4f0,0x0000000086080000)
 Metaspace       used 24626K, capacity 26508K, committed 26752K, reserved 1073152K
  class space    used 3243K, capacity 3608K, committed 3712K, reserved 1048576K
}

Deoptimization events (10 events):
Event: 2.179 Thread 0x000001b7ae5ca000 Uncommon trap: reason=unstable_if action=reinterpret pc=0x000001b7b02c0760 method=java.util.concurrent.ConcurrentHashMap.putVal(Ljava/lang/Object;Ljava/lang/Object;Z)Ljava/lang/Object; @ 181
Event: 2.333 Thread 0x000001b7ae5ca000 Uncommon trap: reason=unstable_if action=reinterpret pc=0x000001b7b03566f0 method=java.util.Hashtable$Enumerator.nextElement()Ljava/lang/Object; @ 71
Event: 2.333 Thread 0x000001b7ae5ca000 Uncommon trap: reason=unstable_if action=reinterpret pc=0x000001b7b0355e40 method=java.util.Hashtable$Enumerator.nextElement()Ljava/lang/Object; @ 71
Event: 2.446 Thread 0x000001b7c6f26800 Uncommon trap: reason=unstable_if action=reinterpret pc=0x000001b7b0103794 method=jdk.internal.org.objectweb.asm.Type.getArgumentsAndReturnSizes(Ljava/lang/String;)I @ 47
Event: 2.454 Thread 0x000001b7ae5ca000 Uncommon trap: reason=bimorphic action=maybe_recompile pc=0x000001b7b0277cb8 method=java.util.HashMap.putVal(ILjava/lang/Object;Ljava/lang/Object;ZZ)Ljava/lang/Object; @ 203
Event: 2.508 Thread 0x000001b7ae5ca000 Uncommon trap: reason=bimorphic action=maybe_recompile pc=0x000001b7b0277cb8 method=java.util.HashMap.putVal(ILjava/lang/Object;Ljava/lang/Object;ZZ)Ljava/lang/Object; @ 203
Event: 2.543 Thread 0x000001b7ae5ca000 Uncommon trap: reason=unstable_if action=reinterpret pc=0x000001b7b0388d8c method=org.springframework.boot.context.properties.source.ConfigurationPropertyName$ElementsParser.add(IILorg/springframework/boot/context/properties/source/ConfigurationPropertyNa
Event: 2.718 Thread 0x000001b7ae5ca000 Uncommon trap: reason=unstable_if action=reinterpret pc=0x000001b7b037d6f8 method=java.util.Arrays.equals([Ljava/lang/Object;[Ljava/lang/Object;)Z @ 65
Event: 3.005 Thread 0x000001b7ae5ca000 Uncommon trap: reason=unstable_if action=reinterpret pc=0x000001b7b05b7cf0 method=org.springframework.beans.factory.support.AbstractBeanFactory.getMergedLocalBeanDefinition(Ljava/lang/String;)Lorg/springframework/beans/factory/support/RootBeanDefinition; 
Event: 3.010 Thread 0x000001b7ae5ca000 Uncommon trap: reason=unstable_if action=reinterpret pc=0x000001b7b05cf3c8 method=org.springframework.beans.factory.support.DefaultSingletonBeanRegistry.getSingleton(Ljava/lang/String;Z)Ljava/lang/Object; @ 20

Classes redefined (0 events):
No events

Internal exceptions (10 events):
Event: 2.261 Thread 0x000001b7ae5ca000 Exception <a 'java/lang/ClassNotFoundException': org/springframework/context/ApplicationStartupAwareCustomizer> (0x00000000d678f0d8) thrown at [C:\jenkins\workspace\8-2-build-windows-amd64-cygwin\jdk8u281\880\hotspot\src\share\vm\classfile\systemDictionar
Event: 2.262 Thread 0x000001b7ae5ca000 Exception <a 'java/lang/ClassNotFoundException': org/springframework/beans/factory/AwareCustomizer> (0x00000000d67a4c30) thrown at [C:\jenkins\workspace\8-2-build-windows-amd64-cygwin\jdk8u281\880\hotspot\src\share\vm\classfile\systemDictionary.cpp, line 
Event: 2.262 Thread 0x000001b7ae5ca000 Exception <a 'java/lang/ClassNotFoundException': org/springframework/beans/factory/BeanClassLoaderAwareCustomizer> (0x00000000d67bceb0) thrown at [C:\jenkins\workspace\8-2-build-windows-amd64-cygwin\jdk8u281\880\hotspot\src\share\vm\classfile\systemDictio
Event: 2.263 Thread 0x000001b7ae5ca000 Exception <a 'java/lang/ClassNotFoundException': org/springframework/beans/factory/AwareCustomizer> (0x00000000d67d2598) thrown at [C:\jenkins\workspace\8-2-build-windows-amd64-cygwin\jdk8u281\880\hotspot\src\share\vm\classfile\systemDictionary.cpp, line 
Event: 2.263 Thread 0x000001b7ae5ca000 Exception <a 'java/lang/ClassNotFoundException': org/springframework/context/EnvironmentAwareCustomizer> (0x00000000d67e7f10) thrown at [C:\jenkins\workspace\8-2-build-windows-amd64-cygwin\jdk8u281\880\hotspot\src\share\vm\classfile\systemDictionary.cpp, 
Event: 2.264 Thread 0x000001b7ae5ca000 Exception <a 'java/lang/ClassNotFoundException': org/springframework/beans/factory/AwareCustomizer> (0x00000000d67fd4d8) thrown at [C:\jenkins\workspace\8-2-build-windows-amd64-cygwin\jdk8u281\880\hotspot\src\share\vm\classfile\systemDictionary.cpp, line 
Event: 2.378 Thread 0x000001b7ae5ca000 Exception <a 'java/lang/IncompatibleClassChangeError': Found class java.lang.Object, but interface was expected> (0x00000000d7949010) thrown at [C:\jenkins\workspace\8-2-build-windows-amd64-cygwin\jdk8u281\880\hotspot\src\share\vm\interpreter\linkResolver
Event: 2.426 Thread 0x000001b7ae5ca000 Exception <a 'java/lang/NoSuchMethodError': java.lang.Object.lambda$getAllAnnotationAttributes$0(Lorg/springframework/util/MultiValueMap;)Lorg/springframework/util/MultiValueMap;> (0x00000000d7eb1498) thrown at [C:\jenkins\workspace\8-2-build-windows-amd6
Event: 2.426 Thread 0x000001b7ae5ca000 Exception <a 'java/lang/NoSuchMethodError': java.lang.Object.lambda$identity$2(Ljava/lang/Object;)Ljava/lang/Object;> (0x00000000d7eb5190) thrown at [C:\jenkins\workspace\8-2-build-windows-amd64-cygwin\jdk8u281\880\hotspot\src\share\vm\interpreter\linkRes
Event: 2.464 Thread 0x000001b7c6f26800 Exception <a 'java/lang/IncompatibleClassChangeError': Found class java.lang.Object, but interface was expected> (0x00000000d82911e0) thrown at [C:\jenkins\workspace\8-2-build-windows-amd64-cygwin\jdk8u281\880\hotspot\src\share\vm\interpreter\linkResolver

Events (10 events):
Event: 3.018 Executing VM operation: Deoptimize
Event: 3.019 Executing VM operation: Deoptimize done
Event: 3.019 loading class org/springframework/beans/factory/support/ManagedMap
Event: 3.019 loading class org/springframework/beans/factory/support/ManagedMap done
Event: 3.019 loading class org/springframework/beans/factory/support/ManagedProperties
Event: 3.019 loading class org/springframework/beans/factory/support/ManagedProperties done
Event: 3.020 loading class org/springframework/beans/factory/support/AutowireUtils
Event: 3.020 loading class org/springframework/beans/factory/support/AutowireUtils done
Event: 3.021 loading class org/springframework/beans/factory/support/ConstructorResolver$ConstructorPropertiesChecker
Event: 3.021 loading class org/springframework/beans/factory/support/ConstructorResolver$ConstructorPropertiesChecker done


Dynamic libraries:
0x00007ff6f9de0000 - 0x00007ff6f9e27000 	C:\Program Files\Java\jdk1.8.0_281\bin\java.exe
0x00007ffe8d580000 - 0x00007ffe8d770000 	C:\Windows\SYSTEM32\ntdll.dll
0x00007ffe8c620000 - 0x00007ffe8c6d2000 	C:\Windows\System32\KERNEL32.DLL
0x00007ffe8a550000 - 0x00007ffe8a7f5000 	C:\Windows\System32\KERNELBASE.dll
0x00007ffe8cce0000 - 0x00007ffe8cd83000 	C:\Windows\System32\ADVAPI32.dll
0x00007ffe8ba80000 - 0x00007ffe8bb1e000 	C:\Windows\System32\msvcrt.dll
0x00007ffe8bdc0000 - 0x00007ffe8be57000 	C:\Windows\System32\sechost.dll
0x00007ffe8b710000 - 0x00007ffe8b82f000 	C:\Windows\System32\RPCRT4.dll
0x00007ffe8b8e0000 - 0x00007ffe8ba74000 	C:\Windows\System32\USER32.dll
0x00007ffe8a940000 - 0x00007ffe8a961000 	C:\Windows\System32\win32u.dll
0x00007ffe8bd90000 - 0x00007ffe8bdb6000 	C:\Windows\System32\GDI32.dll
0x00007ffe8ab80000 - 0x00007ffe8ad18000 	C:\Windows\System32\gdi32full.dll
0x00007ffe8aae0000 - 0x00007ffe8ab7e000 	C:\Windows\System32\msvcp_win.dll
0x00007ffe8a9c0000 - 0x00007ffe8aaba000 	C:\Windows\System32\ucrtbase.dll
0x00007ffe66030000 - 0x00007ffe662b4000 	C:\Windows\WinSxS\amd64_microsoft.windows.common-controls_6595b64144ccf1df_6.0.18362.1500_none_9e79be6de462295c\COMCTL32.dll
0x00007ffe8cd90000 - 0x00007ffe8d0c6000 	C:\Windows\System32\combase.dll
0x00007ffe8a8b0000 - 0x00007ffe8a931000 	C:\Windows\System32\bcryptPrimitives.dll
0x00007ffe8c980000 - 0x00007ffe8c9ae000 	C:\Windows\System32\IMM32.DLL
0x00007ffe863d0000 - 0x00007ffe863e5000 	C:\Program Files\Java\jdk1.8.0_281\jre\bin\vcruntime140.dll
0x00007ffe84cb0000 - 0x00007ffe84d4b000 	C:\Program Files\Java\jdk1.8.0_281\jre\bin\msvcp140.dll
0x0000000075400000 - 0x0000000075c5f000 	C:\Program Files\Java\jdk1.8.0_281\jre\bin\server\jvm.dll
0x00007ffe8c960000 - 0x00007ffe8c968000 	C:\Windows\System32\PSAPI.DLL
0x00007ffe863f0000 - 0x00007ffe863f9000 	C:\Windows\SYSTEM32\WSOCK32.dll
0x00007ffe816b0000 - 0x00007ffe816d4000 	C:\Windows\SYSTEM32\WINMM.dll
0x00007ffe81030000 - 0x00007ffe8105d000 	C:\Windows\SYSTEM32\WINMMBASE.dll
0x00007ffe83c30000 - 0x00007ffe83c3a000 	C:\Windows\SYSTEM32\VERSION.dll
0x00007ffe8cb10000 - 0x00007ffe8cb7f000 	C:\Windows\System32\WS2_32.dll
0x00007ffe8a970000 - 0x00007ffe8a9ba000 	C:\Windows\System32\cfgmgr32.dll
0x00007ffe8a460000 - 0x00007ffe8a471000 	C:\Windows\System32\kernel.appcore.dll
0x00007ffe86350000 - 0x00007ffe86360000 	C:\Program Files\Java\jdk1.8.0_281\jre\bin\verify.dll
0x00007ffe84de0000 - 0x00007ffe84e0b000 	C:\Program Files\Java\jdk1.8.0_281\jre\bin\java.dll
0x00007ffe84c30000 - 0x00007ffe84c60000 	C:\Program Files\Java\jdk1.8.0_281\jre\bin\instrument.dll
0x00007ffe86330000 - 0x00007ffe86348000 	C:\Program Files\Java\jdk1.8.0_281\jre\bin\zip.dll
0x00007ffe8be60000 - 0x00007ffe8c548000 	C:\Windows\System32\SHELL32.dll
0x00007ffe8b830000 - 0x00007ffe8b8d7000 	C:\Windows\System32\shcore.dll
0x00007ffe8aeb0000 - 0x00007ffe8b62b000 	C:\Windows\System32\windows.storage.dll
0x00007ffe8a480000 - 0x00007ffe8a49e000 	C:\Windows\System32\profapi.dll
0x00007ffe8a4a0000 - 0x00007ffe8a4ea000 	C:\Windows\System32\powrprof.dll
0x00007ffe8a430000 - 0x00007ffe8a440000 	C:\Windows\System32\UMPDC.dll
0x00007ffe8bb20000 - 0x00007ffe8bb72000 	C:\Windows\System32\shlwapi.dll
0x00007ffe8aac0000 - 0x00007ffe8aad7000 	C:\Windows\System32\cryptsp.dll
0x00007ffe84b10000 - 0x00007ffe84b2a000 	D:\Program Files\JetBrains\IntelliJ IDEA 2020.3.3\bin\breakgen64.dll
0x00007ffe85050000 - 0x00007ffe8506c000 	C:\Program Files\Java\jdk1.8.0_281\jre\bin\net.dll
0x00007ffe89c10000 - 0x00007ffe89c77000 	C:\Windows\system32\mswsock.dll
0x00007ffe84c90000 - 0x00007ffe84ca3000 	C:\Program Files\Java\jdk1.8.0_281\jre\bin\nio.dll
0x00007ffe84d70000 - 0x00007ffe84d7d000 	C:\Program Files\Java\jdk1.8.0_281\jre\bin\management.dll
0x00007ffe7d6e0000 - 0x00007ffe7d6f6000 	C:\Windows\system32\napinsp.dll
0x00007ffe7d1f0000 - 0x00007ffe7d20a000 	C:\Windows\system32\pnrpnsp.dll
0x00007ffe86400000 - 0x00007ffe86415000 	C:\Windows\system32\wshbth.dll
0x00007ffe85850000 - 0x00007ffe8586c000 	C:\Windows\system32\NLAapi.dll
0x00007ffe89920000 - 0x00007ffe8995a000 	C:\Windows\SYSTEM32\IPHLPAPI.DLL
0x00007ffe89960000 - 0x00007ffe89a2b000 	C:\Windows\SYSTEM32\DNSAPI.dll
0x00007ffe8b690000 - 0x00007ffe8b698000 	C:\Windows\System32\NSI.dll
0x00007ffe7a950000 - 0x00007ffe7a95e000 	C:\Windows\System32\winrnr.dll
0x00007ffe80a50000 - 0x00007ffe80a5a000 	C:\Windows\System32\rasadhlp.dll
0x00007ffe81800000 - 0x00007ffe81877000 	C:\Windows\System32\fwpuclnt.dll
0x00007ffe8ad20000 - 0x00007ffe8ad46000 	C:\Windows\System32\bcrypt.dll
0x00007ffe84700000 - 0x00007ffe848f4000 	C:\Windows\SYSTEM32\dbghelp.dll

VM Arguments:
jvm_args: -ea -Didea.test.cyclic.buffer.size=1048576 -javaagent:D:\Program Files\JetBrains\IntelliJ IDEA 2020.3.3\lib\idea_rt.jar=49939:D:\Program Files\JetBrains\IntelliJ IDEA 2020.3.3\bin -Dfile.encoding=UTF-8 
java_command: com.intellij.rt.junit.JUnitStarter -ideVersion5 -junit5 cn.zc.SpringBoot03ApplicationTests,contextLoads
java_class_path (initial): D:\Program Files\JetBrains\IntelliJ IDEA 2020.3.3\lib\idea_rt.jar;C:\Users\liupeng\.m2\repository\org\junit\platform\junit-platform-launcher\1.7.1\junit-platform-launcher-1.7.1.jar;C:\Users\liupeng\.m2\repository\org\apiguardian\apiguardian-api\1.1.0\apiguardian-api-1.1.0.jar;C:\Users\liupeng\.m2\repository\org\junit\platform\junit-platform-engine\1.7.1\junit-platform-engine-1.7.1.jar;C:\Users\liupeng\.m2\repository\org\opentest4j\opentest4j\1.2.0\opentest4j-1.2.0.jar;C:\Users\liupeng\.m2\repository\org\junit\platform\junit-platform-commons\1.7.1\junit-platform-commons-1.7.1.jar;D:\Program Files\JetBrains\IntelliJ IDEA 2020.3.3\plugins\junit\lib\junit5-rt.jar;D:\Program Files\JetBrains\IntelliJ IDEA 2020.3.3\plugins\junit\lib\junit-rt.jar;C:\Program Files\Java\jdk1.8.0_281\jre\lib\charsets.jar;C:\Program Files\Java\jdk1.8.0_281\jre\lib\deploy.jar;C:\Program Files\Java\jdk1.8.0_281\jre\lib\ext\access-bridge-64.jar;C:\Program Files\Java\jdk1.8.0_281\jre\lib\ext\cldrdata.jar;C:\Program Files\Java\jdk1.8.0_281\jre\lib\ext\dnsns.jar;C:\Program Files\Java\jdk1.8.0_281\jre\lib\ext\jaccess.jar;C:\Program Files\Java\jdk1.8.0_281\jre\lib\ext\jfxrt.jar;C:\Program Files\Java\jdk1.8.0_281\jre\lib\ext\localedata.jar;C:\Program Files\Java\jdk1.8.0_281\jre\lib\ext\nashorn.jar;C:\Program Files\Java\jdk1.8.0_281\jre\lib\ext\sunec.jar;C:\Program Files\Java\jdk1.8.0_281\jre\lib\ext\sunjce_provider.jar;C:\Program Files\Java\jdk1.8.0_281\jre\lib\ext\sunmscapi.jar;C:\Program Files\Java\jdk1.8.0_281\jre\lib\ext\sunpkcs11.jar;C:\Program Files\Java\jdk1.8.0_281\jre\lib\ext\zipfs.jar;C:\Program Files\Java\jdk1.8.0_281\jre\lib\javaws.jar;C:\Program Files\Java\jdk1.8.0_281\jre\lib\jce.jar;C:\Program Files\Java\jdk1.8.0_281\jre\lib\jfr.jar;C:\Program Files\Java\jdk1.8.0_281\jre\lib\jfxswt.jar;C:\Program Files\Java\jdk1.8.0_281\jre\lib\jsse.jar;C:\Program Files\Java\jdk1.8.0_281\jre\lib\management-agent.jar;C:\Program Files\Java\jdk1.8.0_281\jre\lib\plugin.jar;C:\Prog
Launcher Type: SUN_STANDARD

Environment Variables:
JAVA_HOME=C:\Program Files\Java\jdk1.8.0_281
CLASSPATH=.;C:\Program Files\Java\jdk1.8.0_281\lib\dt.jar;C:\Program Files\Java\jdk1.8.0_281\lib\tools.jar
PATH=C:\Program Files (x86)\Common Files\Oracle\Java\javapath;C:\Program Files\Java\jdk1.8.0_281\bin;C:\Windows\system32;C:\Windows;C:\Windows\System32\Wbem;C:\Windows\System32\WindowsPowerShell\v1.0\;C:\Windows\System32\OpenSSH\;F:\apache-tomcat-9.0.44\bin;F:\apache-maven-3.8.1\bin;D:\Program Files\Git\cmd;D:\Program Files\nodejs\;D:\dev_node\node_global;C:\Program Files\MySQL\MySQL Server 5.7\bin;C:\Program Files\MySQL\MySQL Shell 8.0\bin\;C:\Users\liupeng\AppData\Local\Microsoft\WindowsApps;C:\Users\liupeng\AppData\Roaming\npm
USERNAME=liupeng
OS=Windows_NT
PROCESSOR_IDENTIFIER=Intel64 Family 6 Model 94 Stepping 3, GenuineIntel



---------------  S Y S T E M  ---------------

OS: Windows 10.0 , 64 bit Build 18362 (10.0.18362.1500)

CPU:total 4 (initial active 4) (4 cores per cpu, 1 threads per core) family 6 model 94 stepping 3, cmov, cx8, fxsr, mmx, sse, sse2, sse3, ssse3, sse4.1, sse4.2, popcnt, avx, avx2, aes, clmul, erms, rtm, 3dnowpref, lzcnt, tsc, tscinvbit, bmi1, bmi2, adx

Memory: 4k page, physical 8212480k(667492k free), swap 13373760k(5156k free)

vm_info: Java HotSpot(TM) 64-Bit Server VM (25.281-b09) for windows-amd64 JRE (1.8.0_281-b09), built on Dec  9 2020 13:54:07 by "" with MS VC++ 15.9 (VS2017)

time: Sat Apr 24 18:25:11 2021
timezone: ?D1¨²¡À¨º¡Á?¨º¡À??
elapsed time: 3.048360 seconds (0d 0h 0m 3s)

