#
# There is insufficient memory for the Java Runtime Environment to continue.
# Native memory allocation (malloc) failed to allocate 905456 bytes for Chunk::new
# Possible reasons:
#   The system is out of physical RAM or swap space
#   The process is running with CompressedOops enabled, and the Java Heap may be blocking the growth of the native heap
# Possible solutions:
#   Reduce memory load on the system
#   Increase physical memory or swap space
#   Check if swap backing store is full
#   Decrease Java heap size (-Xmx/-Xms)
#   Decrease number of Java threads
#   Decrease Java thread stack sizes (-Xss)
#   Set larger code cache with -XX:ReservedCodeCacheSize=
#   JVM is running with Unscaled Compressed Oops mode in which the Java heap is
#     placed in the first 4GB address space. The Java Heap base address is the
#     maximum limit for the native heap growth. Please use -XX:HeapBaseMinAddress
#     to set the Java Heap base and to place the Java Heap above 4GB virtual address.
# This output file may be truncated or incomplete.
#
#  Out of Memory Error (allocation.cpp:389), pid=17292, tid=0x0000000000000740
#
# JRE version: Java(TM) SE Runtime Environment (8.0_281-b09) (build 1.8.0_281-b09)
# Java VM: Java HotSpot(TM) 64-Bit Server VM (25.281-b09 mixed mode windows-amd64 compressed oops)
# Failed to write core dump. Minidumps are not enabled by default on client versions of Windows
#

---------------  T H R E A D  ---------------

Current thread (0x00000248799d4000):  JavaThread "C2 CompilerThread1" daemon [_thread_in_native, id=1856, stack(0x0000008a97500000,0x0000008a97600000)]

Stack: [0x0000008a97500000,0x0000008a97600000]
Native frames: (J=compiled Java code, j=interpreted, Vv=VM code, C=native code)
V  [jvm.dll+0x32e5b9]
V  [jvm.dll+0x275012]
V  [jvm.dll+0x275cbd]
V  [jvm.dll+0x26c6f5]
V  [jvm.dll+0xd51fc]
V  [jvm.dll+0xd59fc]
V  [jvm.dll+0x4523f2]
V  [jvm.dll+0x48d85d]
V  [jvm.dll+0x4423f1]
V  [jvm.dll+0x43f664]
V  [jvm.dll+0x42a5e7]
V  [jvm.dll+0xabe9b]
V  [jvm.dll+0xaa4fb]
V  [jvm.dll+0x23d6b2]
V  [jvm.dll+0x291cbc]
C  [ucrtbase.dll+0x210b2]
C  [KERNEL32.DLL+0x17c24]
C  [ntdll.dll+0x6d721]


Current CompileTask:
C2:   3454 2712       4       org.springframework.beans.factory.support.AbstractBeanFactory::isTypeMatch (607 bytes)


---------------  P R O C E S S  ---------------

Java Threads: ( => current thread )
  0x000002487b3da000 JavaThread "logback-1" daemon [_thread_blocked, id=1496, stack(0x0000008a97900000,0x0000008a97a00000)]
  0x0000024879a4e000 JavaThread "Service Thread" daemon [_thread_blocked, id=232, stack(0x0000008a97700000,0x0000008a97800000)]
  0x0000024879a3e800 JavaThread "C1 CompilerThread2" daemon [_thread_blocked, id=6704, stack(0x0000008a97600000,0x0000008a97700000)]
=>0x00000248799d4000 JavaThread "C2 CompilerThread1" daemon [_thread_in_native, id=1856, stack(0x0000008a97500000,0x0000008a97600000)]
  0x00000248799d1000 JavaThread "C2 CompilerThread0" daemon [_thread_in_native, id=15568, stack(0x0000008a97400000,0x0000008a97500000)]
  0x00000248799cf000 JavaThread "Monitor Ctrl-Break" daemon [_thread_in_native, id=9160, stack(0x0000008a97300000,0x0000008a97400000)]
  0x0000024879956800 JavaThread "Attach Listener" daemon [_thread_blocked, id=17020, stack(0x0000008a97200000,0x0000008a97300000)]
  0x0000024879955800 JavaThread "Signal Dispatcher" daemon [_thread_blocked, id=15708, stack(0x0000008a97100000,0x0000008a97200000)]
  0x0000024879925800 JavaThread "Finalizer" daemon [_thread_blocked, id=10532, stack(0x0000008a97000000,0x0000008a97100000)]
  0x000002487991d000 JavaThread "Reference Handler" daemon [_thread_blocked, id=12956, stack(0x0000008a96f00000,0x0000008a97000000)]
  0x00000248723a9800 JavaThread "main" [_thread_in_Java, id=15676, stack(0x0000008a96900000,0x0000008a96a00000)]

Other Threads:
  0x00000248798f3800 VMThread [stack: 0x0000008a96e00000,0x0000008a96f00000] [id=13924]
  0x000002487a4e0000 WatcherThread [stack: 0x0000008a97800000,0x0000008a97900000] [id=1696]

VM state:not at safepoint (normal execution)

VM Mutex/Monitor currently owned by a thread: None

heap address: 0x0000000082a00000, size: 2006 MB, Compressed Oops mode: 32-bit
Narrow klass base: 0x0000000000000000, Narrow klass shift: 3
Compressed class space size: 1073741824 Address: 0x0000000100000000

Heap:
 PSYoungGen      total 61440K, used 12124K [0x00000000d6380000, 0x00000000dc700000, 0x0000000100000000)
  eden space 53248K, 10% used [0x00000000d6380000,0x00000000d690d6c8,0x00000000d9780000)
  from space 8192K, 78% used [0x00000000d9780000,0x00000000d9dc9b50,0x00000000d9f80000)
  to   space 8192K, 0% used [0x00000000dbf00000,0x00000000dbf00000,0x00000000dc700000)
 ParOldGen       total 52736K, used 6421K [0x0000000082a00000, 0x0000000085d80000, 0x00000000d6380000)
  object space 52736K, 12% used [0x0000000082a00000,0x00000000830454d0,0x0000000085d80000)
 Metaspace       used 28603K, capacity 30980K, committed 31104K, reserved 1077248K
  class space    used 3776K, capacity 4184K, committed 4224K, reserved 1048576K

Card table byte_map: [0x0000024873fc0000,0x00000248743b0000] byte_map_base: 0x0000024873bab000

Marking Bits: (ParMarkBitMap*) 0x0000000075be6ff0
 Begin Bits: [0x0000024874650000, 0x00000248765a8000)
 End Bits:   [0x00000248765a8000, 0x0000024878500000)

Polling page: 0x00000248722b0000

CodeCache: size=245760Kb used=9809Kb max_used=9809Kb free=235950Kb
 bounds [0x0000024800000000, 0x00000248009a0000, 0x000002480f000000]
 total_blobs=3196 nmethods=2807 adapters=301
 compilation: enabled

Compilation events (10 events):
Event: 3.402 Thread 0x0000024879a3e800 2782       3       org.springframework.beans.factory.support.AbstractBeanDefinition::getBeanClass (63 bytes)
Event: 3.403 Thread 0x0000024879a3e800 nmethod 2782 0x00000248009805d0 code [0x0000024800980820, 0x0000024800981690]
Event: 3.403 Thread 0x0000024879a3e800 2784       3       java.util.concurrent.ConcurrentHashMap$EntryIterator::next (5 bytes)
Event: 3.403 Thread 0x0000024879a3e800 nmethod 2784 0x0000024800981c50 code [0x0000024800981dc0, 0x0000024800981fd0]
Event: 3.403 Thread 0x0000024879a3e800 2783       3       org.springframework.beans.factory.annotation.AutowiredAnnotationBeanPostProcessor$$Lambda$586/392289808::doWith (13 bytes)
Event: 3.403 Thread 0x0000024879a3e800 nmethod 2783 0x0000024800982050 code [0x00000248009821c0, 0x0000024800982370]
Event: 3.406 Thread 0x0000024879a3e800 2785       3       org.springframework.core.annotation.TypeMappedAnnotations$AggregatesSpliterator::tryAdvance (153 bytes)
Event: 3.407 Thread 0x0000024879a3e800 nmethod 2785 0x0000024800982450 code [0x0000024800982660, 0x0000024800983100]
Event: 3.417 Thread 0x0000024879a3e800 2786       3       java.lang.Class::createAnnotationData (192 bytes)
Event: 3.418 Thread 0x0000024879a3e800 nmethod 2786 0x0000024800983610 code [0x0000024800983920, 0x0000024800984e60]

GC Heap History (10 events):
Event: 2.310 GC heap before
{Heap before GC invocations=4 (full 0):
 PSYoungGen      total 37888K, used 18953K [0x00000000d6380000, 0x00000000d8d80000, 0x0000000100000000)
  eden space 32768K, 42% used [0x00000000d6380000,0x00000000d7107720,0x00000000d8380000)
  from space 5120K, 99% used [0x00000000d8380000,0x00000000d887ae40,0x00000000d8880000)
  to   space 5120K, 0% used [0x00000000d8880000,0x00000000d8880000,0x00000000d8d80000)
 ParOldGen       total 86016K, used 2766K [0x0000000082a00000, 0x0000000087e00000, 0x00000000d6380000)
  object space 86016K, 3% used [0x0000000082a00000,0x0000000082cb3818,0x0000000087e00000)
 Metaspace       used 19773K, capacity 21216K, committed 21296K, reserved 1067008K
  class space    used 2577K, capacity 2864K, committed 2944K, reserved 1048576K
Event: 2.317 GC heap after
Heap after GC invocations=4 (full 0):
 PSYoungGen      total 37888K, used 5088K [0x00000000d6380000, 0x00000000dad80000, 0x0000000100000000)
  eden space 32768K, 0% used [0x00000000d6380000,0x00000000d6380000,0x00000000d8380000)
  from space 5120K, 99% used [0x00000000d8880000,0x00000000d8d78030,0x00000000d8d80000)
  to   space 5120K, 0% used [0x00000000d8380000,0x00000000d8380000,0x00000000d8880000)
 ParOldGen       total 86016K, used 4152K [0x0000000082a00000, 0x0000000087e00000, 0x00000000d6380000)
  object space 86016K, 4% used [0x0000000082a00000,0x0000000082e0e320,0x0000000087e00000)
 Metaspace       used 19773K, capacity 21216K, committed 21296K, reserved 1067008K
  class space    used 2577K, capacity 2864K, committed 2944K, reserved 1048576K
}
Event: 2.317 GC heap before
{Heap before GC invocations=5 (full 1):
 PSYoungGen      total 37888K, used 5088K [0x00000000d6380000, 0x00000000dad80000, 0x0000000100000000)
  eden space 32768K, 0% used [0x00000000d6380000,0x00000000d6380000,0x00000000d8380000)
  from space 5120K, 99% used [0x00000000d8880000,0x00000000d8d78030,0x00000000d8d80000)
  to   space 5120K, 0% used [0x00000000d8380000,0x00000000d8380000,0x00000000d8880000)
 ParOldGen       total 86016K, used 4152K [0x0000000082a00000, 0x0000000087e00000, 0x00000000d6380000)
  object space 86016K, 4% used [0x0000000082a00000,0x0000000082e0e320,0x0000000087e00000)
 Metaspace       used 19773K, capacity 21216K, committed 21296K, reserved 1067008K
  class space    used 2577K, capacity 2864K, committed 2944K, reserved 1048576K
Event: 2.346 GC heap after
Heap after GC invocations=5 (full 1):
 PSYoungGen      total 37888K, used 0K [0x00000000d6380000, 0x00000000dad80000, 0x0000000100000000)
  eden space 32768K, 0% used [0x00000000d6380000,0x00000000d6380000,0x00000000d8380000)
  from space 5120K, 0% used [0x00000000d8880000,0x00000000d8880000,0x00000000d8d80000)
  to   space 5120K, 0% used [0x00000000d8380000,0x00000000d8380000,0x00000000d8880000)
 ParOldGen       total 52736K, used 6405K [0x0000000082a00000, 0x0000000085d80000, 0x00000000d6380000)
  object space 52736K, 12% used [0x0000000082a00000,0x00000000830414d0,0x0000000085d80000)
 Metaspace       used 19773K, capacity 21216K, committed 21296K, reserved 1067008K
  class space    used 2577K, capacity 2864K, committed 2944K, reserved 1048576K
}
Event: 2.571 GC heap before
{Heap before GC invocations=6 (full 1):
 PSYoungGen      total 37888K, used 32768K [0x00000000d6380000, 0x00000000dad80000, 0x0000000100000000)
  eden space 32768K, 100% used [0x00000000d6380000,0x00000000d8380000,0x00000000d8380000)
  from space 5120K, 0% used [0x00000000d8880000,0x00000000d8880000,0x00000000d8d80000)
  to   space 5120K, 0% used [0x00000000d8380000,0x00000000d8380000,0x00000000d8880000)
 ParOldGen       total 52736K, used 6405K [0x0000000082a00000, 0x0000000085d80000, 0x00000000d6380000)
  object space 52736K, 12% used [0x0000000082a00000,0x00000000830414d0,0x0000000085d80000)
 Metaspace       used 23225K, capacity 24820K, committed 25088K, reserved 1071104K
  class space    used 3033K, capacity 3324K, committed 3328K, reserved 1048576K
Event: 2.574 GC heap after
Heap after GC invocations=6 (full 1):
 PSYoungGen      total 37888K, used 4654K [0x00000000d6380000, 0x00000000da880000, 0x0000000100000000)
  eden space 32768K, 0% used [0x00000000d6380000,0x00000000d6380000,0x00000000d8380000)
  from space 5120K, 90% used [0x00000000d8380000,0x00000000d880b9e0,0x00000000d8880000)
  to   space 8192K, 0% used [0x00000000da080000,0x00000000da080000,0x00000000da880000)
 ParOldGen       total 52736K, used 6405K [0x0000000082a00000, 0x0000000085d80000, 0x00000000d6380000)
  object space 52736K, 12% used [0x0000000082a00000,0x00000000830414d0,0x0000000085d80000)
 Metaspace       used 23225K, capacity 24820K, committed 25088K, reserved 1071104K
  class space    used 3033K, capacity 3324K, committed 3328K, reserved 1048576K
}
Event: 2.873 GC heap before
{Heap before GC invocations=7 (full 1):
 PSYoungGen      total 37888K, used 37422K [0x00000000d6380000, 0x00000000da880000, 0x0000000100000000)
  eden space 32768K, 100% used [0x00000000d6380000,0x00000000d8380000,0x00000000d8380000)
  from space 5120K, 90% used [0x00000000d8380000,0x00000000d880b9e0,0x00000000d8880000)
  to   space 8192K, 0% used [0x00000000da080000,0x00000000da080000,0x00000000da880000)
 ParOldGen       total 52736K, used 6405K [0x0000000082a00000, 0x0000000085d80000, 0x00000000d6380000)
  object space 52736K, 12% used [0x0000000082a00000,0x00000000830414d0,0x0000000085d80000)
 Metaspace       used 25341K, capacity 27148K, committed 27264K, reserved 1073152K
  class space    used 3323K, capacity 3664K, committed 3712K, reserved 1048576K
Event: 2.878 GC heap after
Heap after GC invocations=7 (full 1):
 PSYoungGen      total 60416K, used 4153K [0x00000000d6380000, 0x00000000da780000, 0x0000000100000000)
  eden space 53248K, 0% used [0x00000000d6380000,0x00000000d6380000,0x00000000d9780000)
  from space 7168K, 57% used [0x00000000da080000,0x00000000da48e4e0,0x00000000da780000)
  to   space 8192K, 0% used [0x00000000d9780000,0x00000000d9780000,0x00000000d9f80000)
 ParOldGen       total 52736K, used 6413K [0x0000000082a00000, 0x0000000085d80000, 0x00000000d6380000)
  object space 52736K, 12% used [0x0000000082a00000,0x00000000830434d0,0x0000000085d80000)
 Metaspace       used 25341K, capacity 27148K, committed 27264K, reserved 1073152K
  class space    used 3323K, capacity 3664K, committed 3712K, reserved 1048576K
}
Event: 3.408 GC heap before
{Heap before GC invocations=8 (full 1):
 PSYoungGen      total 60416K, used 57401K [0x00000000d6380000, 0x00000000da780000, 0x0000000100000000)
  eden space 53248K, 100% used [0x00000000d6380000,0x00000000d9780000,0x00000000d9780000)
  from space 7168K, 57% used [0x00000000da080000,0x00000000da48e4e0,0x00000000da780000)
  to   space 8192K, 0% used [0x00000000d9780000,0x00000000d9780000,0x00000000d9f80000)
 ParOldGen       total 52736K, used 6413K [0x0000000082a00000, 0x0000000085d80000, 0x00000000d6380000)
  object space 52736K, 12% used [0x0000000082a00000,0x00000000830434d0,0x0000000085d80000)
 Metaspace       used 28425K, capacity 30804K, committed 31104K, reserved 1077248K
  class space    used 3750K, capacity 4172K, committed 4224K, reserved 1048576K
Event: 3.415 GC heap after
Heap after GC invocations=8 (full 1):
 PSYoungGen      total 61440K, used 6438K [0x00000000d6380000, 0x00000000dc700000, 0x0000000100000000)
  eden space 53248K, 0% used [0x00000000d6380000,0x00000000d6380000,0x00000000d9780000)
  from space 8192K, 78% used [0x00000000d9780000,0x00000000d9dc9b50,0x00000000d9f80000)
  to   space 8192K, 0% used [0x00000000dbf00000,0x00000000dbf00000,0x00000000dc700000)
 ParOldGen       total 52736K, used 6421K [0x0000000082a00000, 0x0000000085d80000, 0x00000000d6380000)
  object space 52736K, 12% used [0x0000000082a00000,0x00000000830454d0,0x0000000085d80000)
 Metaspace       used 28425K, capacity 30804K, committed 31104K, reserved 1077248K
  class space    used 3750K, capacity 4172K, committed 4224K, reserved 1048576K
}

Deoptimization events (10 events):
Event: 2.797 Thread 0x00000248723a9800 Uncommon trap: reason=bimorphic action=maybe_recompile pc=0x00000248004383f8 method=java.util.HashMap.putVal(ILjava/lang/Object;Ljava/lang/Object;ZZ)Ljava/lang/Object; @ 203
Event: 2.870 Thread 0x00000248723a9800 Uncommon trap: reason=unstable_if action=reinterpret pc=0x00000248005a2e78 method=java.util.Arrays.equals([Ljava/lang/Object;[Ljava/lang/Object;)Z @ 65
Event: 3.046 Thread 0x00000248723a9800 Uncommon trap: reason=unstable_if action=reinterpret pc=0x00000248007b9670 method=org.springframework.beans.factory.support.AbstractBeanFactory.getMergedLocalBeanDefinition(Ljava/lang/String;)Lorg/springframework/beans/factory/support/RootBeanDefinition; 
Event: 3.050 Thread 0x00000248723a9800 Uncommon trap: reason=unstable_if action=reinterpret pc=0x00000248007da388 method=org.springframework.beans.factory.support.DefaultSingletonBeanRegistry.getSingleton(Ljava/lang/String;Z)Ljava/lang/Object; @ 20
Event: 3.066 Thread 0x00000248723a9800 Uncommon trap: reason=class_check action=maybe_recompile pc=0x00000248005643a4 method=java.lang.reflect.Method.equals(Ljava/lang/Object;)Z @ 5
Event: 3.066 Thread 0x00000248723a9800 Uncommon trap: reason=unstable_if action=reinterpret pc=0x00000248007e6254 method=org.springframework.util.ConcurrentReferenceHashMap$Segment.findInChain(Lorg/springframework/util/ConcurrentReferenceHashMap$Reference;Ljava/lang/Object;I)Lorg/springframewo
Event: 3.144 Thread 0x00000248723a9800 Uncommon trap: reason=unstable_if action=reinterpret pc=0x0000024800613064 method=java.util.Properties$LineReader.readLine()I @ 252
Event: 3.144 Thread 0x00000248723a9800 Uncommon trap: reason=unstable_if action=reinterpret pc=0x0000024800615fac method=java.util.Properties$LineReader.readLine()I @ 252
Event: 3.282 Thread 0x00000248723a9800 Uncommon trap: reason=unstable_if action=reinterpret pc=0x0000024800564390 method=java.lang.reflect.Method.equals(Ljava/lang/Object;)Z @ 49
Event: 3.288 Thread 0x00000248723a9800 Uncommon trap: reason=unstable_if action=reinterpret pc=0x000002480079d7fc method=org.springframework.util.ConcurrentReferenceHashMap$Segment.findInChain(Lorg/springframework/util/ConcurrentReferenceHashMap$Reference;Ljava/lang/Object;I)Lorg/springframewo

Classes redefined (0 events):
No events

Internal exceptions (10 events):
Event: 3.396 Thread 0x00000248723a9800 Exception <a 'java/lang/ClassNotFoundException': org/springframework/boot/autoconfigure/web/servlet/WebMvcAutoConfiguration$EnableWebMvcConfigurationCustomizer> (0x00000000d9615250) thrown at [C:\jenkins\workspace\8-2-build-windows-amd64-cygwin\jdk8u281\8
Event: 3.396 Thread 0x00000248723a9800 Exception <a 'java/lang/ClassNotFoundException': org/springframework/context/ResourceLoaderAwareCustomizer> (0x00000000d96402f8) thrown at [C:\jenkins\workspace\8-2-build-windows-amd64-cygwin\jdk8u281\880\hotspot\src\share\vm\classfile\systemDictionary.cp
Event: 3.397 Thread 0x00000248723a9800 Exception <a 'java/lang/ClassNotFoundException': org/springframework/beans/factory/AwareCustomizer> (0x00000000d96557e8) thrown at [C:\jenkins\workspace\8-2-build-windows-amd64-cygwin\jdk8u281\880\hotspot\src\share\vm\classfile\systemDictionary.cpp, line 
Event: 3.397 Thread 0x00000248723a9800 Exception <a 'java/lang/ClassNotFoundException': org/springframework/context/ApplicationContextAwareCustomizer> (0x00000000d966cf60) thrown at [C:\jenkins\workspace\8-2-build-windows-amd64-cygwin\jdk8u281\880\hotspot\src\share\vm\classfile\systemDictionar
Event: 3.398 Thread 0x00000248723a9800 Exception <a 'java/lang/ClassNotFoundException': org/springframework/beans/factory/AwareCustomizer> (0x00000000d9682a58) thrown at [C:\jenkins\workspace\8-2-build-windows-amd64-cygwin\jdk8u281\880\hotspot\src\share\vm\classfile\systemDictionary.cpp, line 
Event: 3.398 Thread 0x00000248723a9800 Exception <a 'java/lang/ClassNotFoundException': org/springframework/web/context/ServletContextAwareCustomizer> (0x00000000d969a1d8) thrown at [C:\jenkins\workspace\8-2-build-windows-amd64-cygwin\jdk8u281\880\hotspot\src\share\vm\classfile\systemDictionar
Event: 3.399 Thread 0x00000248723a9800 Exception <a 'java/lang/ClassNotFoundException': org/springframework/beans/factory/AwareCustomizer> (0x00000000d96af738) thrown at [C:\jenkins\workspace\8-2-build-windows-amd64-cygwin\jdk8u281\880\hotspot\src\share\vm\classfile\systemDictionary.cpp, line 
Event: 3.403 Thread 0x00000248723a9800 Exception <a 'java/lang/ClassNotFoundException': java/lang/ObjectCustomizer> (0x00000000d97008b8) thrown at [C:\jenkins\workspace\8-2-build-windows-amd64-cygwin\jdk8u281\880\hotspot\src\share\vm\classfile\systemDictionary.cpp, line 212]
Event: 3.404 Thread 0x00000248723a9800 Exception <a 'java/lang/ClassNotFoundException': org/springframework/boot/autoconfigure/web/servlet/WebMvcAutoConfiguration$WebMvcAutoConfigurationAdapterCustomizer> (0x00000000d9728cf8) thrown at [C:\jenkins\workspace\8-2-build-windows-amd64-cygwin\jdk8u
Event: 3.405 Thread 0x00000248723a9800 Exception <a 'java/lang/ClassNotFoundException': org/springframework/web/servlet/config/annotation/WebMvcConfigurerCustomizer> (0x00000000d97504d8) thrown at [C:\jenkins\workspace\8-2-build-windows-amd64-cygwin\jdk8u281\880\hotspot\src\share\vm\classfile\

Events (10 events):
Event: 3.422 loading class org/springframework/http/MediaType
Event: 3.422 loading class org/springframework/http/MediaType done
Event: 3.422 loading class org/springframework/web/accept/MappingMediaTypeFileExtensionResolver
Event: 3.422 loading class org/springframework/web/accept/MappingMediaTypeFileExtensionResolver done
Event: 3.423 loading class org/springframework/http/MediaType
Event: 3.423 loading class org/springframework/http/MediaType done
Event: 3.423 loading class org/springframework/http/MediaType
Event: 3.423 loading class org/springframework/http/MediaType done
Event: 3.423 loading class org/springframework/web/context/request/NativeWebRequest
Event: 3.423 loading class org/springframework/web/context/request/NativeWebRequest done


Dynamic libraries:
0x00007ff6f9de0000 - 0x00007ff6f9e27000 	C:\Program Files\Java\jdk1.8.0_281\bin\java.exe
0x00007ffe8d580000 - 0x00007ffe8d770000 	C:\Windows\SYSTEM32\ntdll.dll
0x00007ffe8c620000 - 0x00007ffe8c6d2000 	C:\Windows\System32\KERNEL32.DLL
0x00007ffe8a550000 - 0x00007ffe8a7f5000 	C:\Windows\System32\KERNELBASE.dll
0x00007ffe8cce0000 - 0x00007ffe8cd83000 	C:\Windows\System32\ADVAPI32.dll
0x00007ffe8ba80000 - 0x00007ffe8bb1e000 	C:\Windows\System32\msvcrt.dll
0x00007ffe8bdc0000 - 0x00007ffe8be57000 	C:\Windows\System32\sechost.dll
0x00007ffe8b710000 - 0x00007ffe8b82f000 	C:\Windows\System32\RPCRT4.dll
0x00007ffe8b8e0000 - 0x00007ffe8ba74000 	C:\Windows\System32\USER32.dll
0x00007ffe8a940000 - 0x00007ffe8a961000 	C:\Windows\System32\win32u.dll
0x00007ffe8bd90000 - 0x00007ffe8bdb6000 	C:\Windows\System32\GDI32.dll
0x00007ffe8ab80000 - 0x00007ffe8ad18000 	C:\Windows\System32\gdi32full.dll
0x00007ffe8aae0000 - 0x00007ffe8ab7e000 	C:\Windows\System32\msvcp_win.dll
0x00007ffe8a9c0000 - 0x00007ffe8aaba000 	C:\Windows\System32\ucrtbase.dll
0x00007ffe66030000 - 0x00007ffe662b4000 	C:\Windows\WinSxS\amd64_microsoft.windows.common-controls_6595b64144ccf1df_6.0.18362.1500_none_9e79be6de462295c\COMCTL32.dll
0x00007ffe8cd90000 - 0x00007ffe8d0c6000 	C:\Windows\System32\combase.dll
0x00007ffe8a8b0000 - 0x00007ffe8a931000 	C:\Windows\System32\bcryptPrimitives.dll
0x00007ffe8c980000 - 0x00007ffe8c9ae000 	C:\Windows\System32\IMM32.DLL
0x00007ffe863d0000 - 0x00007ffe863e5000 	C:\Program Files\Java\jdk1.8.0_281\jre\bin\vcruntime140.dll
0x00007ffe84cb0000 - 0x00007ffe84d4b000 	C:\Program Files\Java\jdk1.8.0_281\jre\bin\msvcp140.dll
0x0000000075400000 - 0x0000000075c5f000 	C:\Program Files\Java\jdk1.8.0_281\jre\bin\server\jvm.dll
0x00007ffe8c960000 - 0x00007ffe8c968000 	C:\Windows\System32\PSAPI.DLL
0x00007ffe863f0000 - 0x00007ffe863f9000 	C:\Windows\SYSTEM32\WSOCK32.dll
0x00007ffe8cb10000 - 0x00007ffe8cb7f000 	C:\Windows\System32\WS2_32.dll
0x00007ffe816b0000 - 0x00007ffe816d4000 	C:\Windows\SYSTEM32\WINMM.dll
0x00007ffe83c30000 - 0x00007ffe83c3a000 	C:\Windows\SYSTEM32\VERSION.dll
0x00007ffe81030000 - 0x00007ffe8105d000 	C:\Windows\SYSTEM32\WINMMBASE.dll
0x00007ffe8a970000 - 0x00007ffe8a9ba000 	C:\Windows\System32\cfgmgr32.dll
0x00007ffe8a460000 - 0x00007ffe8a471000 	C:\Windows\System32\kernel.appcore.dll
0x00007ffe86350000 - 0x00007ffe86360000 	C:\Program Files\Java\jdk1.8.0_281\jre\bin\verify.dll
0x00007ffe84de0000 - 0x00007ffe84e0b000 	C:\Program Files\Java\jdk1.8.0_281\jre\bin\java.dll
0x00007ffe84c30000 - 0x00007ffe84c60000 	C:\Program Files\Java\jdk1.8.0_281\jre\bin\instrument.dll
0x00007ffe86330000 - 0x00007ffe86348000 	C:\Program Files\Java\jdk1.8.0_281\jre\bin\zip.dll
0x00007ffe8be60000 - 0x00007ffe8c548000 	C:\Windows\System32\SHELL32.dll
0x00007ffe8b830000 - 0x00007ffe8b8d7000 	C:\Windows\System32\shcore.dll
0x00007ffe8aeb0000 - 0x00007ffe8b62b000 	C:\Windows\System32\windows.storage.dll
0x00007ffe8a480000 - 0x00007ffe8a49e000 	C:\Windows\System32\profapi.dll
0x00007ffe8a4a0000 - 0x00007ffe8a4ea000 	C:\Windows\System32\powrprof.dll
0x00007ffe8a430000 - 0x00007ffe8a440000 	C:\Windows\System32\UMPDC.dll
0x00007ffe8bb20000 - 0x00007ffe8bb72000 	C:\Windows\System32\shlwapi.dll
0x00007ffe8aac0000 - 0x00007ffe8aad7000 	C:\Windows\System32\cryptsp.dll
0x00007ffe84bf0000 - 0x00007ffe84c0a000 	D:\Program Files\JetBrains\IntelliJ IDEA 2020.3.3\bin\breakgen64.dll
0x00007ffe85050000 - 0x00007ffe8506c000 	C:\Program Files\Java\jdk1.8.0_281\jre\bin\net.dll
0x00007ffe89c10000 - 0x00007ffe89c77000 	C:\Windows\system32\mswsock.dll
0x00007ffe84c90000 - 0x00007ffe84ca3000 	C:\Program Files\Java\jdk1.8.0_281\jre\bin\nio.dll
0x00007ffe84d70000 - 0x00007ffe84d7d000 	C:\Program Files\Java\jdk1.8.0_281\jre\bin\management.dll
0x00007ffe7d6e0000 - 0x00007ffe7d6f6000 	C:\Windows\system32\napinsp.dll
0x00007ffe7d1f0000 - 0x00007ffe7d20a000 	C:\Windows\system32\pnrpnsp.dll
0x00007ffe86400000 - 0x00007ffe86415000 	C:\Windows\system32\wshbth.dll
0x00007ffe85850000 - 0x00007ffe8586c000 	C:\Windows\system32\NLAapi.dll
0x00007ffe89920000 - 0x00007ffe8995a000 	C:\Windows\SYSTEM32\IPHLPAPI.DLL
0x00007ffe89960000 - 0x00007ffe89a2b000 	C:\Windows\SYSTEM32\DNSAPI.dll
0x00007ffe8b690000 - 0x00007ffe8b698000 	C:\Windows\System32\NSI.dll
0x00007ffe7a950000 - 0x00007ffe7a95e000 	C:\Windows\System32\winrnr.dll
0x00007ffe80a50000 - 0x00007ffe80a5a000 	C:\Windows\System32\rasadhlp.dll
0x00007ffe81800000 - 0x00007ffe81877000 	C:\Windows\System32\fwpuclnt.dll
0x00007ffe8ad20000 - 0x00007ffe8ad46000 	C:\Windows\System32\bcrypt.dll
0x0000000180000000 - 0x0000000180285000 	F:\apache-tomcat-9.0.44\bin\tcnative-1.dll
0x00007ffe8ad50000 - 0x00007ffe8aea1000 	C:\Windows\System32\CRYPT32.dll
0x00007ffe8a440000 - 0x00007ffe8a452000 	C:\Windows\System32\MSASN1.dll
0x00007ffe84700000 - 0x00007ffe848f4000 	C:\Windows\SYSTEM32\dbghelp.dll

VM Arguments:
jvm_args: -ea -Didea.test.cyclic.buffer.size=1048576 -javaagent:D:\Program Files\JetBrains\IntelliJ IDEA 2020.3.3\lib\idea_rt.jar=49902:D:\Program Files\JetBrains\IntelliJ IDEA 2020.3.3\bin -Dfile.encoding=UTF-8 
java_command: com.intellij.rt.junit.JUnitStarter -ideVersion5 -junit5 cn.zc.SpringBoot03ApplicationTests,contextLoads
java_class_path (initial): D:\Program Files\JetBrains\IntelliJ IDEA 2020.3.3\lib\idea_rt.jar;C:\Users\liupeng\.m2\repository\org\junit\platform\junit-platform-launcher\1.7.1\junit-platform-launcher-1.7.1.jar;C:\Users\liupeng\.m2\repository\org\apiguardian\apiguardian-api\1.1.0\apiguardian-api-1.1.0.jar;C:\Users\liupeng\.m2\repository\org\junit\platform\junit-platform-engine\1.7.1\junit-platform-engine-1.7.1.jar;C:\Users\liupeng\.m2\repository\org\opentest4j\opentest4j\1.2.0\opentest4j-1.2.0.jar;C:\Users\liupeng\.m2\repository\org\junit\platform\junit-platform-commons\1.7.1\junit-platform-commons-1.7.1.jar;D:\Program Files\JetBrains\IntelliJ IDEA 2020.3.3\plugins\junit\lib\junit5-rt.jar;D:\Program Files\JetBrains\IntelliJ IDEA 2020.3.3\plugins\junit\lib\junit-rt.jar;C:\Program Files\Java\jdk1.8.0_281\jre\lib\charsets.jar;C:\Program Files\Java\jdk1.8.0_281\jre\lib\deploy.jar;C:\Program Files\Java\jdk1.8.0_281\jre\lib\ext\access-bridge-64.jar;C:\Program Files\Java\jdk1.8.0_281\jre\lib\ext\cldrdata.jar;C:\Program Files\Java\jdk1.8.0_281\jre\lib\ext\dnsns.jar;C:\Program Files\Java\jdk1.8.0_281\jre\lib\ext\jaccess.jar;C:\Program Files\Java\jdk1.8.0_281\jre\lib\ext\jfxrt.jar;C:\Program Files\Java\jdk1.8.0_281\jre\lib\ext\localedata.jar;C:\Program Files\Java\jdk1.8.0_281\jre\lib\ext\nashorn.jar;C:\Program Files\Java\jdk1.8.0_281\jre\lib\ext\sunec.jar;C:\Program Files\Java\jdk1.8.0_281\jre\lib\ext\sunjce_provider.jar;C:\Program Files\Java\jdk1.8.0_281\jre\lib\ext\sunmscapi.jar;C:\Program Files\Java\jdk1.8.0_281\jre\lib\ext\sunpkcs11.jar;C:\Program Files\Java\jdk1.8.0_281\jre\lib\ext\zipfs.jar;C:\Program Files\Java\jdk1.8.0_281\jre\lib\javaws.jar;C:\Program Files\Java\jdk1.8.0_281\jre\lib\jce.jar;C:\Program Files\Java\jdk1.8.0_281\jre\lib\jfr.jar;C:\Program Files\Java\jdk1.8.0_281\jre\lib\jfxswt.jar;C:\Program Files\Java\jdk1.8.0_281\jre\lib\jsse.jar;C:\Program Files\Java\jdk1.8.0_281\jre\lib\management-agent.jar;C:\Program Files\Java\jdk1.8.0_281\jre\lib\plugin.jar;C:\Prog
Launcher Type: SUN_STANDARD

Environment Variables:
JAVA_HOME=C:\Program Files\Java\jdk1.8.0_281
CLASSPATH=.;C:\Program Files\Java\jdk1.8.0_281\lib\dt.jar;C:\Program Files\Java\jdk1.8.0_281\lib\tools.jar
PATH=C:\Program Files (x86)\Common Files\Oracle\Java\javapath;C:\Program Files\Java\jdk1.8.0_281\bin;C:\Windows\system32;C:\Windows;C:\Windows\System32\Wbem;C:\Windows\System32\WindowsPowerShell\v1.0\;C:\Windows\System32\OpenSSH\;F:\apache-tomcat-9.0.44\bin;F:\apache-maven-3.8.1\bin;D:\Program Files\Git\cmd;D:\Program Files\nodejs\;D:\dev_node\node_global;C:\Program Files\MySQL\MySQL Server 5.7\bin;C:\Program Files\MySQL\MySQL Shell 8.0\bin\;C:\Users\liupeng\AppData\Local\Microsoft\WindowsApps;C:\Users\liupeng\AppData\Roaming\npm
USERNAME=liupeng
OS=Windows_NT
PROCESSOR_IDENTIFIER=Intel64 Family 6 Model 94 Stepping 3, GenuineIntel



---------------  S Y S T E M  ---------------

OS: Windows 10.0 , 64 bit Build 18362 (10.0.18362.1500)

CPU:total 4 (initial active 4) (4 cores per cpu, 1 threads per core) family 6 model 94 stepping 3, cmov, cx8, fxsr, mmx, sse, sse2, sse3, ssse3, sse4.1, sse4.2, popcnt, avx, avx2, aes, clmul, erms, rtm, 3dnowpref, lzcnt, tsc, tscinvbit, bmi1, bmi2, adx

Memory: 4k page, physical 8212480k(783952k free), swap 13373760k(5776k free)

vm_info: Java HotSpot(TM) 64-Bit Server VM (25.281-b09) for windows-amd64 JRE (1.8.0_281-b09), built on Dec  9 2020 13:54:07 by "" with MS VC++ 15.9 (VS2017)

time: Sat Apr 24 18:23:53 2021
timezone: ?D1¨²¡À¨º¡Á?¨º¡À??
elapsed time: 3.462205 seconds (0d 0h 0m 3s)

