2021-04-24 18:03:49.569  INFO 5732 --- [main] cn.zc.SpringBoot03ApplicationTests       : Starting SpringBoot03ApplicationTests using Java 1.8.0_281 on DESKTOP-AP8NTGU with PID 5732 (started by liupeng in F:\myProjects\spring_boot_demo\spring_boot_03)
2021-04-24 18:03:49.570 DEBUG 5732 --- [main] cn.zc.SpringBoot03ApplicationTests       : Running with Spring Boot v2.4.5, Spring v5.3.6
2021-04-24 18:03:49.572  INFO 5732 --- [main] cn.zc.SpringBoot03ApplicationTests       : No active profile set, falling back to default profiles: default
2021-04-24 18:03:51.271  INFO 5732 --- [main] o.s.s.concurrent.ThreadPoolTaskExecutor  : Initializing ExecutorService 'applicationTaskExecutor'
2021-04-24 18:03:51.615  INFO 5732 --- [main] cn.zc.SpringBoot03ApplicationTests       : Started SpringBoot03ApplicationTests in 2.599 seconds (JVM running for 4.183)
2021-04-24 18:03:51.822 TRACE 5732 --- [main] cn.zc.SpringBoot03ApplicationTests       : 这是trace
2021-04-24 18:03:51.822 DEBUG 5732 --- [main] cn.zc.SpringBoot03ApplicationTests       : 这是debug
2021-04-24 18:03:51.822  INFO 5732 --- [main] cn.zc.SpringBoot03ApplicationTests       : 这是info
2021-04-24 18:03:51.823  WARN 5732 --- [main] cn.zc.SpringBoot03ApplicationTests       : 这是warn
2021-04-24 18:03:51.823 ERROR 5732 --- [main] cn.zc.SpringBoot03ApplicationTests       : 这是error
2021-04-24 18:03:51.846  INFO 5732 --- [SpringContextShutdownHook] o.s.s.concurrent.ThreadPoolTaskExecutor  : Shutting down ExecutorService 'applicationTaskExecutor'
2021-04-24 18:24:58.079  INFO 3808 --- [main] cn.zc.SpringBoot03ApplicationTests       : Starting SpringBoot03ApplicationTests using Java 1.8.0_281 on DESKTOP-AP8NTGU with PID 3808 (started by liupeng in F:\myProjects\spring_boot_demo\spring_boot_03)
2021-04-24 18:24:58.080 DEBUG 3808 --- [main] cn.zc.SpringBoot03ApplicationTests       : Running with Spring Boot v2.4.5, Spring v5.3.6
2021-04-24 18:24:58.083  INFO 3808 --- [main] cn.zc.SpringBoot03ApplicationTests       : No active profile set, falling back to default profiles: default
2021-04-24 18:25:10.480  INFO 5248 --- [main] cn.zc.SpringBoot03ApplicationTests       : Starting SpringBoot03ApplicationTests using Java 1.8.0_281 on DESKTOP-AP8NTGU with PID 5248 (started by liupeng in F:\myProjects\spring_boot_demo\spring_boot_03)
2021-04-24 18:25:10.481 DEBUG 5248 --- [main] cn.zc.SpringBoot03ApplicationTests       : Running with Spring Boot v2.4.5, Spring v5.3.6
2021-04-24 18:25:10.487  INFO 5248 --- [main] cn.zc.SpringBoot03ApplicationTests       : No active profile set, falling back to default profiles: default
2021-04-24 18:25:43.881  INFO 16800 --- [main] cn.zc.SpringBoot03ApplicationTests       : Starting SpringBoot03ApplicationTests using Java 1.8.0_281 on DESKTOP-AP8NTGU with PID 16800 (started by liupeng in F:\myProjects\spring_boot_demo\spring_boot_03)
2021-04-24 18:25:43.882 DEBUG 16800 --- [main] cn.zc.SpringBoot03ApplicationTests       : Running with Spring Boot v2.4.5, Spring v5.3.6
2021-04-24 18:25:43.886  INFO 16800 --- [main] cn.zc.SpringBoot03ApplicationTests       : No active profile set, falling back to default profiles: default
